# JRE version: Java(TM) SE Runtime Environment 18.9 (11.0.12+8) (build 11.0.12+8-LTS-237)
# Java VM: Java HotSpot(TM) 64-Bit Server VM 18.9 (11.0.12+8-LTS-237, mixed mode, tiered, compressed oops, g1 gc, windows-amd64)
Heap:
 garbage-first heap   total 32768K, used 12757K [0x00000000e1200000, 0x0000000100000000)
  region size 1024K, 11 young (11264K), 2 survivors (2048K)
 Metaspace       used 17453K, capacity 17728K, committed 17920K, reserved 1064960K
  class space    used 1893K, capacity 2005K, committed 2048K, reserved 1048576K
GC Heap History (8 events):
Event: 6.813 GC heap before
{Heap before GC invocations=0 (full 0):
 garbage-first heap   total 32768K, used 14336K [0x00000000e1200000, 0x0000000100000000)
  region size 1024K, 14 young (14336K), 0 survivors (0K)
 Metaspace       used 11005K, capacity 11145K, committed 11392K, reserved 1058816K
  class space    used 1046K, capacity 1120K, committed 1152K, reserved 1048576K
}
Event: 6.970 GC heap after
{Heap after GC invocations=1 (full 0):
 garbage-first heap   total 32768K, used 3008K [0x00000000e1200000, 0x0000000100000000)
  region size 1024K, 2 young (2048K), 2 survivors (2048K)
 Metaspace       used 11005K, capacity 11145K, committed 11392K, reserved 1058816K
  class space    used 1046K, capacity 1120K, committed 1152K, reserved 1048576K
}
Event: 11.214 GC heap before
{Heap before GC invocations=1 (full 0):
 garbage-first heap   total 32768K, used 14272K [0x00000000e1200000, 0x0000000100000000)
  region size 1024K, 13 young (13312K), 2 survivors (2048K)
 Metaspace       used 12633K, capacity 12789K, committed 12928K, reserved 1060864K
  class space    used 1268K, capacity 1348K, committed 1408K, reserved 1048576K
}
Event: 11.229 GC heap after
{Heap after GC invocations=2 (full 0):
 garbage-first heap   total 32768K, used 3605K [0x00000000e1200000, 0x0000000100000000)
  region size 1024K, 1 young (1024K), 1 survivors (1024K)
 Metaspace       used 12633K, capacity 12789K, committed 12928K, reserved 1060864K
  class space    used 1268K, capacity 1348K, committed 1408K, reserved 1048576K
}
Event: 13.766 GC heap before
{Heap before GC invocations=2 (full 0):
 garbage-first heap   total 32768K, used 15893K [0x00000000e1200000, 0x0000000100000000)
  region size 1024K, 13 young (13312K), 1 survivors (1024K)
 Metaspace       used 13795K, capacity 14021K, committed 14080K, reserved 1062912K
  class space    used 1401K, capacity 1479K, committed 1536K, reserved 1048576K
}
Event: 13.773 GC heap after
{Heap after GC invocations=3 (full 0):
 garbage-first heap   total 32768K, used 3860K [0x00000000e1200000, 0x0000000100000000)
  region size 1024K, 1 young (1024K), 1 survivors (1024K)
 Metaspace       used 13795K, capacity 14021K, committed 14080K, reserved 1062912K
  class space    used 1401K, capacity 1479K, committed 1536K, reserved 1048576K
}
Event: 17.423 GC heap before
{Heap before GC invocations=3 (full 0):
 garbage-first heap   total 32768K, used 18196K [0x00000000e1200000, 0x0000000100000000)
  region size 1024K, 15 young (15360K), 1 survivors (1024K)
 Metaspace       used 16092K, capacity 16308K, committed 16512K, reserved 1064960K
  class space    used 1701K, capacity 1811K, committed 1920K, reserved 1048576K
}
Event: 17.434 GC heap after
{Heap after GC invocations=4 (full 0):
 garbage-first heap   total 32768K, used 4565K [0x00000000e1200000, 0x0000000100000000)
  region size 1024K, 2 young (2048K), 2 survivors (2048K)
 Metaspace       used 16092K, capacity 16308K, committed 16512K, reserved 1064960K
  class space    used 1701K, capacity 1811K, committed 1920K, reserved 1048576K
}

